#
# A fatal error has been detected by the Java Runtime Environment:
#
#  EXCEPTION_ACCESS_VIOLATION (0xc0000005) at pc=0x000000000bcb53b2, pid=6880, tid=4712
#
# JRE version: 7.0_03-b05
# Java VM: Java HotSpot(TM) 64-Bit Server VM (22.1-b02 mixed mode windows-amd64 compressed oops)
# Problematic frame:
# C  [atio6axx.dll+0xac53b2]
#
# Failed to write core dump. Minidumps are not enabled by default on client versions of Windows
#
# If you would like to submit a bug report, please visit:
#   http://bugreport.sun.com/bugreport/crash.jsp
# The crash happened outside the Java Virtual Machine in native code.
# See problematic frame for where to report the bug.
#

---------------  T H R E A D  ---------------

Current thread (0x000000000a211800):  JavaThread "pool-1-thread-2" [_thread_in_native, id=4712, stack(0x000000000e3c0000,0x000000000e4c0000)]

siginfo: ExceptionCode=0xc0000005, reading address 0x0000000000000018

Registers:
RAX=0x0000000000000020, RBX=0x0000000000000001, RCX=0x000000000cd22cc0, RDX=0x000000000cc84940
RSP=0x000000000e4be960, RBP=0x0000000000000000, RSI=0x000000000d5a7e10, RDI=0x000000000d5a8620
R8 =0x0000000000000004, R9 =0x0000000000000001, R10=0x0000000000000000, R11=0x000000000e4be9f8
R12=0x0000000000000004, R13=0x0000000000000004, R14=0x0000000000000001, R15=0x0000000000000000
RIP=0x000000000bcb53b2, EFLAGS=0x0000000000010246

Top of Stack: (sp=0x000000000e4be960)
0x000000000e4be960:   0000000000000000 0000000000000000
0x000000000e4be970:   0000000000000000 0000000000000000
0x000000000e4be980:   0000000000000000 0000000000000000
0x000000000e4be990:   000000003f800000 0000000000000000
0x000000000e4be9a0:   0000000000000000 000000000b345067
0x000000000e4be9b0:   0000000000000020 000000000bbccec3
0x000000000e4be9c0:   3ff0000000000000 0000000000000000
0x000000000e4be9d0:   0000000000000001 0000000000000000
0x000000000e4be9e0:   0000000000000004 0000000000000001
0x000000000e4be9f0:   000000000cc84940 000000000bc9aca8
0x000000000e4bea00:   0000000000000001 000000000b3437db
0x000000000e4bea10:   0000000000000000 0000000000000001
0x000000000e4bea20:   000000000d5a7e10 000000000d5a8620
0x000000000e4bea30:   0000000000000001 0000000000000001
0x000000000e4bea40:   0000000000000000 0000000000000024
0x000000000e4bea50:   000000000d5a7e10 000000000b343af4 

Instructions: (pc=0x000000000bcb53b2)
0x000000000bcb5392:   70 4c 8b 91 b8 59 00 00 44 8b b4 24 d0 00 00 00
0x000000000bcb53a2:   33 ed 49 8d 42 20 41 8b d9 45 8b e8 49 89 43 b8
0x000000000bcb53b2:   49 8b 42 18 4c 8b e2 49 89 43 c8 48 8b 81 c0 59
0x000000000bcb53c2:   00 00 49 89 43 c0 45 85 f6 0f 84 ee 00 00 00 49 


Register to memory mapping:

RAX=0x0000000000000020 is an unknown value
RBX=0x0000000000000001 is an unknown value
RCX=0x000000000cd22cc0 is an unknown value
RDX=0x000000000cc84940 is an unknown value
RSP=0x000000000e4be960 is pointing into the stack for thread: 0x000000000a211800
RBP=0x0000000000000000 is an unknown value
RSI=0x000000000d5a7e10 is an unknown value
RDI=0x000000000d5a8620 is an unknown value
R8 =0x0000000000000004 is an unknown value
R9 =0x0000000000000001 is an unknown value
R10=0x0000000000000000 is an unknown value
R11=0x000000000e4be9f8 is pointing into the stack for thread: 0x000000000a211800
R12=0x0000000000000004 is an unknown value
R13=0x0000000000000004 is an unknown value
R14=0x0000000000000001 is an unknown value
R15=0x0000000000000000 is an unknown value


Stack: [0x000000000e3c0000,0x000000000e4c0000],  sp=0x000000000e4be960,  free space=1018k
Native frames: (J=compiled Java code, j=interpreted, Vv=VM code, C=native code)
C  [atio6axx.dll+0xac53b2]  DrvPresentBuffers+0xa63042

[error occurred during error reporting (printing native stack), id 0xc0000005]

Java frames: (J=compiled Java code, j=interpreted, Vv=VM code)
j  com.sun.opengl.impl.GLImpl.glDrawElements0(IIILjava/lang/Object;I)V+0
j  com.sun.opengl.impl.GLImpl.glDrawElements(IIILjava/nio/Buffer;)V+33
j  Synesthesia$objModel.Draw()V+114
j  Synesthesia$1.run()V+106
j  java.util.concurrent.Executors$RunnableAdapter.call()Ljava/lang/Object;+4
j  java.util.concurrent.FutureTask$Sync.innerRun()V+29
j  java.util.concurrent.FutureTask.run()V+4
j  java.util.concurrent.ThreadPoolExecutor.runWorker(Ljava/util/concurrent/ThreadPoolExecutor$Worker;)V+46
j  java.util.concurrent.ThreadPoolExecutor$Worker.run()V+5
j  java.lang.Thread.run()V+11
v  ~StubRoutines::call_stub

---------------  P R O C E S S  ---------------

Java Threads: ( => current thread )
  0x0000000009d49800 JavaThread "pool-4-thread-2" [_thread_in_native, id=6588, stack(0x000000000ef50000,0x000000000f050000)]
  0x0000000009d48800 JavaThread "pool-4-thread-1" [_thread_in_native, id=7432, stack(0x000000000ed80000,0x000000000ee80000)]
  0x0000000009d48000 JavaThread "pool-3-thread-2" [_thread_in_native, id=1220, stack(0x000000000eaf0000,0x000000000ebf0000)]
  0x0000000009ff1800 JavaThread "pool-3-thread-1" [_thread_in_Java, id=5768, stack(0x000000000e910000,0x000000000ea10000)]
  0x000000000a303000 JavaThread "pool-2-thread-2" [_thread_in_native, id=1020, stack(0x000000000e7b0000,0x000000000e8b0000)]
  0x000000000a1b0800 JavaThread "pool-2-thread-1" [_thread_in_native, id=3720, stack(0x000000000e2a0000,0x000000000e3a0000)]
=>0x000000000a211800 JavaThread "pool-1-thread-2" [_thread_in_native, id=4712, stack(0x000000000e3c0000,0x000000000e4c0000)]
  0x000000000a019800 JavaThread "pool-1-thread-1" [_thread_in_native, id=6476, stack(0x000000000e110000,0x000000000e210000)]
  0x0000000009f51000 JavaThread "D3D Screen Updater" daemon [_thread_blocked, id=4696, stack(0x000000000acf0000,0x000000000adf0000)]
  0x000000000227b000 JavaThread "DestroyJavaVM" [_thread_blocked, id=2824, stack(0x0000000002550000,0x0000000002650000)]
  0x000000000a1f9800 JavaThread "Timer-0" [_thread_blocked, id=7208, stack(0x000000000aaa0000,0x000000000aba0000)]
  0x000000000a292800 JavaThread "AWT-EventQueue-0" [_thread_in_native, id=5592, stack(0x000000000a570000,0x000000000a670000)]
  0x0000000006e67000 JavaThread "AWT-Windows" daemon [_thread_in_native, id=7880, stack(0x0000000007440000,0x0000000007540000)]
  0x0000000005e8f800 JavaThread "AWT-Shutdown" [_thread_blocked, id=7180, stack(0x0000000006500000,0x0000000006600000)]
  0x0000000006e66800 JavaThread "Java2D Disposer" daemon [_thread_blocked, id=6772, stack(0x0000000007240000,0x0000000007340000)]
  0x0000000005d7b800 JavaThread "Service Thread" daemon [_thread_blocked, id=7688, stack(0x0000000006b80000,0x0000000006c80000)]
  0x0000000005d6f800 JavaThread "C2 CompilerThread1" daemon [_thread_blocked, id=6496, stack(0x00000000069e0000,0x0000000006ae0000)]
  0x0000000005d62800 JavaThread "C2 CompilerThread0" daemon [_thread_blocked, id=7932, stack(0x00000000067f0000,0x00000000068f0000)]
  0x0000000005d60800 JavaThread "Attach Listener" daemon [_thread_blocked, id=7788, stack(0x0000000006610000,0x0000000006710000)]
  0x0000000005d5b800 JavaThread "Signal Dispatcher" daemon [_thread_blocked, id=8148, stack(0x0000000006270000,0x0000000006370000)]
  0x0000000005cd6000 JavaThread "Finalizer" daemon [_thread_blocked, id=8084, stack(0x00000000063c0000,0x00000000064c0000)]
  0x0000000005ccc000 JavaThread "Reference Handler" daemon [_thread_blocked, id=4388, stack(0x0000000005ff0000,0x00000000060f0000)]

Other Threads:
  0x0000000005cc7000 VMThread [stack: 0x0000000006150000,0x0000000006250000] [id=7260]
  0x0000000005d84000 WatcherThread [stack: 0x0000000006d00000,0x0000000006e00000] [id=7988]

VM state:not at safepoint (normal execution)

VM Mutex/Monitor currently owned by a thread: None

Heap
 PSYoungGen      total 17856K, used 9545K [0x00000000ec160000, 0x00000000ed540000, 0x0000000100000000)
  eden space 15360K, 62% used [0x00000000ec160000,0x00000000ecab24f8,0x00000000ed060000)
  from space 2496K, 0% used [0x00000000ed2d0000,0x00000000ed2d0000,0x00000000ed540000)
  to   space 2496K, 0% used [0x00000000ed060000,0x00000000ed060000,0x00000000ed2d0000)
 PSOldGen        total 40768K, used 0K [0x00000000c4400000, 0x00000000c6bd0000, 0x00000000ec160000)
  object space 40768K, 0% used [0x00000000c4400000,0x00000000c4400000,0x00000000c6bd0000)
 PSPermGen       total 21248K, used 11004K [0x00000000bf200000, 0x00000000c06c0000, 0x00000000c4400000)
  object space 21248K, 51% used [0x00000000bf200000,0x00000000bfcbf2f0,0x00000000c06c0000)

Code Cache  [0x0000000002650000, 0x00000000028c0000, 0x0000000005650000)
 total_blobs=600 nmethods=45 adapters=508 free_code_cache=48525Kb largest_free_block=49672128

Dynamic libraries:
0x000000013f120000 - 0x000000013f153000 	C:\Program Files\Java\jre7\bin\javaw.exe
0x0000000077b80000 - 0x0000000077d29000 	C:\Windows\SYSTEM32\ntdll.dll
0x0000000077910000 - 0x0000000077a2f000 	C:\Windows\system32\kernel32.dll
0x000007fefd400000 - 0x000007fefd46b000 	C:\Windows\system32\KERNELBASE.dll
0x000007fefdb00000 - 0x000007fefdbdb000 	C:\Windows\system32\ADVAPI32.dll
0x000007fefdbe0000 - 0x000007fefdc7f000 	C:\Windows\system32\msvcrt.dll
0x000007fefdc80000 - 0x000007fefdc9f000 	C:\Windows\SYSTEM32\sechost.dll
0x000007fefd9a0000 - 0x000007fefdacd000 	C:\Windows\system32\RPCRT4.dll
0x00000000774a0000 - 0x000000007759a000 	C:\Windows\system32\USER32.dll
0x000007fefd800000 - 0x000007fefd867000 	C:\Windows\system32\GDI32.dll
0x000007fefd870000 - 0x000007fefd87e000 	C:\Windows\system32\LPK.dll
0x000007fefeeb0000 - 0x000007fefef79000 	C:\Windows\system32\USP10.dll
0x000007fefbd80000 - 0x000007fefbf74000 	C:\Windows\WinSxS\amd64_microsoft.windows.common-controls_6595b64144ccf1df_6.0.7601.17514_none_fa396087175ac9ac\COMCTL32.dll
0x000007fefdca0000 - 0x000007fefdd11000 	C:\Windows\system32\SHLWAPI.dll
0x000007fefdad0000 - 0x000007fefdafe000 	C:\Windows\system32\IMM32.DLL
0x000007fefd890000 - 0x000007fefd999000 	C:\Windows\system32\MSCTF.dll
0x00000000698c0000 - 0x0000000069991000 	C:\Program Files\Java\jre7\bin\msvcr100.dll
0x0000000068dc0000 - 0x000000006949a000 	C:\Program Files\Java\jre7\bin\server\jvm.dll
0x000007fef9210000 - 0x000007fef9219000 	C:\Windows\system32\WSOCK32.dll
0x000007fefed60000 - 0x000007fefedad000 	C:\Windows\system32\WS2_32.dll
0x000007fefd880000 - 0x000007fefd888000 	C:\Windows\system32\NSI.dll
0x000007fefaff0000 - 0x000007fefb02b000 	C:\Windows\system32\WINMM.dll
0x0000000077d50000 - 0x0000000077d57000 	C:\Windows\system32\PSAPI.DLL
0x0000000069790000 - 0x000000006979f000 	C:\Program Files\Java\jre7\bin\verify.dll
0x0000000069760000 - 0x0000000069788000 	C:\Program Files\Java\jre7\bin\java.dll
0x0000000069740000 - 0x0000000069755000 	C:\Program Files\Java\jre7\bin\zip.dll
0x0000000060a70000 - 0x0000000060c04000 	C:\Program Files\Java\jre7\bin\awt.dll
0x000007fefd720000 - 0x000007fefd7f7000 	C:\Windows\system32\OLEAUT32.dll
0x000007fefdd20000 - 0x000007fefdf23000 	C:\Windows\system32\ole32.dll
0x000007fefb580000 - 0x000007fefb598000 	C:\Windows\system32\DWMAPI.DLL
0x000007fefd280000 - 0x000007fefd28f000 	C:\Windows\system32\CRYPTBASE.dll
0x000007fee98b0000 - 0x000007fee9aaf000 	C:\Windows\system32\d3d9.dll
0x000007fefc410000 - 0x000007fefc41c000 	C:\Windows\system32\VERSION.dll
0x000007fee9f30000 - 0x000007fee9f37000 	C:\Windows\system32\d3d8thk.dll
0x000000006a9e0000 - 0x000000006aaac000 	C:\Windows\system32\aticfx64.dll
0x000007fee9f20000 - 0x000007fee9f2d000 	C:\Windows\system32\atiu9p64.dll
0x0000000069e70000 - 0x000000006a3b4000 	C:\Windows\system32\atiumd64.dll
0x000000006a560000 - 0x000000006a90d000 	C:\Windows\system32\atiumd6a.dll
0x000007fefdf30000 - 0x000007fefecb8000 	C:\Windows\system32\SHELL32.dll
0x0000000010000000 - 0x000000001005a000 	C:\jogl-1.1.1-windows-amd64\jogl-1.1.1-windows-amd64\lib\jogl.dll
0x000007fee43a0000 - 0x000007fee44bd000 	C:\Windows\system32\OPENGL32.dll
0x000007fefabf0000 - 0x000007fefac1d000 	C:\Windows\system32\GLU32.dll
0x000007fee40e0000 - 0x000007fee41d1000 	C:\Windows\system32\DDRAW.dll
0x000007fefaca0000 - 0x000007fefaca8000 	C:\Windows\system32\DCIMAN32.dll
0x000007feff020000 - 0x000007feff1f7000 	C:\Windows\system32\SETUPAPI.dll
0x000007fefd570000 - 0x000007fefd5a6000 	C:\Windows\system32\CFGMGR32.dll
0x000007fefd4b0000 - 0x000007fefd4ca000 	C:\Windows\system32\DEVOBJ.dll
0x000000006e820000 - 0x000000006e8e9000 	C:\Windows\WinSxS\amd64_microsoft.vc80.crt_1fc8b3b9a1e18e3b_8.0.50727.6195_none_88e41e092fab0294\MSVCR80.dll
0x0000000064950000 - 0x0000000064984000 	C:\Program Files\Java\jre7\bin\fontmanager.dll
0x00000000697d0000 - 0x00000000697d7000 	C:\Program Files\Java\jre7\bin\jawt.dll
0x0000000002250000 - 0x0000000002257000 	C:\jogl-1.1.1-windows-amd64\jogl-1.1.1-windows-amd64\lib\jogl_awt.dll
0x000007fefb530000 - 0x000007fefb538000 	C:\Windows\system32\atig6pxx.dll
0x000000000b1f0000 - 0x000000000c8a7000 	C:\Windows\system32\atio6axx.dll
0x000007fefa650000 - 0x000007fefa65e000 	C:\Windows\system32\atig6txx.dll
0x0000000180000000 - 0x000000018005e000 	C:\Windows\system32\atiadlxx.dll
0x000007fefc650000 - 0x000007fefc66e000 	C:\Windows\system32\USERENV.dll
0x000007fefd350000 - 0x000007fefd35f000 	C:\Windows\system32\profapi.dll
0x000007fefc510000 - 0x000007fefc521000 	C:\Windows\system32\WTSAPI32.dll
0x000007fefd470000 - 0x000007fefd4a9000 	C:\Windows\system32\WINTRUST.dll
0x000007fefd5b0000 - 0x000007fefd71a000 	C:\Windows\system32\CRYPT32.dll
0x000007fefd3f0000 - 0x000007fefd3ff000 	C:\Windows\system32\MSASN1.dll
0x000007fef9780000 - 0x000007fef98a5000 	C:\Windows\system32\dbghelp.dll

VM Arguments:
jvm_args: -Djava.library.path=C:\Users\Kyle\Desktop\Starting Point;C:\jogl-1.1.1-windows-amd64\jogl-1.1.1-windows-amd64\lib;C:\jogl-1.1.1-windows-amd64\jogl-1.1.1-windows-amd64\lib -Dfile.encoding=Cp1252 
java_command: Synesthesia ball_pointlight.scene
Launcher Type: SUN_STANDARD

Environment Variables:
PATH=C:\Program Files (x86)\ActiveState Komodo Edit 7\;C:\Perl64\site\bin;C:\Perl64\bin;C:\Program Files (x86)\AMD APP\bin\x86_64;C:\Program Files (x86)\AMD APP\bin\x86;C:\Program Files\Common Files\Microsoft Shared\Windows Live;C:\Program Files (x86)\Common Files\Microsoft Shared\Windows Live;C:\Windows\system32;C:\Windows;C:\Windows\System32\Wbem;C:\Windows\System32\WindowsPowerShell\v1.0\;C:\Program Files (x86)\Windows Live\Shared;C:\Program Files (x86)\EgisTec MyWinLocker\x64;C:\Program Files (x86)\EgisTec MyWinLocker\;C:\Program Files (x86)\ATI Technologies\ATI.ACE\Core-Static;C:\Program Files\MATLAB\R2012a\runtime\win64;C:\Program Files\MATLAB\R2012a\bin;C:\Program Files\nodejs\;C:\RailsInstaller\Git\cmd;C:\RailsInstaller\Ruby1.9.3\bin;C:\Users\Kyle\AppData\Roaming\npm\
USERNAME=Kyle
OS=Windows_NT
PROCESSOR_IDENTIFIER=AMD64 Family 20 Model 2 Stepping 0, AuthenticAMD



---------------  S Y S T E M  ---------------

OS: Windows 7 , 64 bit Build 7601 Service Pack 1

CPU:total 2 (2 cores per cpu, 1 threads per core) family 20 model 2 stepping 0, cmov, cx8, fxsr, mmx, sse, sse2, sse3, ssse3, popcnt, mmxext, lzcnt, sse4a

Memory: 4k page, physical 3910556k(1414540k free), swap 7819252k(4372924k free)

vm_info: Java HotSpot(TM) 64-Bit Server VM (22.1-b02) for windows-amd64 JRE (1.7.0_03-b05), built on Feb  3 2012 20:43:56 by "java_re" with unknown MS VC++:1600

time: Mon Apr 22 17:16:55 2013
elapsed time: 2 seconds

